{
  "RSpec": {
    "coverage": {
      "/Users/joey/Desktop/Projects/bank-tech-test/spec/account_spec.rb": {
        "lines": [
          1,
          null,
          1,
          null,
          2,
          2,
          1,
          1,
          null,
          null,
          1,
          4,
          null,
          1,
          1,
          1,
          null,
          1,
          2,
          null,
          null,
          null,
          1,
          null,
          5,
          1,
          1,
          4,
          null,
          1,
          1,
          1,
          null,
          1,
          2,
          null,
          1,
          2,
          null,
          null,
          null,
          null,
          null,
          null,
          null,
          null,
          null,
          null,
          null,
          null,
          null,
          null,
          null,
          1,
          2,
          2,
          1,
          1,
          1,
          null,
          null,
          null
        ]
      },
      "/Users/joey/Desktop/Projects/bank-tech-test/lib/account.rb": {
        "lines": [
          1,
          1,
          null,
          1,
          1,
          1,
          10,
          10,
          null,
          null,
          1,
          7,
          6,
          6,
          null,
          null,
          1,
          4,
          3,
          2,
          2,
          null,
          null,
          1,
          1,
          null,
          null,
          1,
          null,
          1,
          6,
          6,
          6,
          null,
          null,
          1,
          11,
          9,
          null,
          null,
          1,
          3,
          null,
          null,
          null,
          null
        ]
      },
      "/Users/joey/Desktop/Projects/bank-tech-test/lib/transaction.rb": {
        "lines": [
          1,
          1,
          1,
          19,
          19,
          19,
          null,
          null,
          1,
          11,
          null,
          null,
          1,
          7,
          null,
          null,
          1,
          2,
          null,
          null,
          1,
          2,
          null,
          null,
          1,
          1,
          null,
          null,
          null
        ]
      },
      "/Users/joey/Desktop/Projects/bank-tech-test/lib/transaction_history.rb": {
        "lines": [
          1,
          1,
          1,
          14,
          null,
          null,
          1,
          12,
          null,
          null,
          1,
          5,
          3,
          2,
          2,
          null,
          null,
          null,
          1,
          null,
          5,
          null,
          null,
          1,
          1,
          3,
          null,
          null,
          null
        ]
      },
      "/Users/joey/Desktop/Projects/bank-tech-test/spec/transaction_history_spec.rb": {
        "lines": [
          1,
          null,
          1,
          2,
          null,
          1,
          2,
          2,
          1,
          4,
          1,
          1,
          1,
          1,
          null,
          null,
          1,
          2,
          2,
          1,
          1,
          null,
          1,
          1,
          null,
          null,
          null,
          1,
          2,
          2,
          2,
          null,
          1,
          1,
          1,
          1,
          1,
          null,
          null,
          null
        ]
      },
      "/Users/joey/Desktop/Projects/bank-tech-test/spec/transaction_spec.rb": {
        "lines": [
          1,
          null,
          1,
          2,
          2,
          2,
          2,
          2,
          null,
          1,
          1,
          1,
          null,
          null,
          null,
          1,
          1,
          1,
          null,
          null,
          null,
          1,
          1,
          1,
          1,
          null,
          null,
          null,
          1,
          1,
          1,
          1,
          null,
          null,
          null,
          1,
          1,
          1,
          1,
          null,
          1,
          1,
          1,
          null,
          null,
          null,
          1,
          1,
          1,
          1,
          null,
          1,
          1,
          1,
          null,
          null,
          null,
          null
        ]
      }
    },
    "timestamp": 1617803612
  }
}
